<?xml version="1.0" encoding="UTF-8"?>
<!-- Generated by org.testng.reporters.JUnitXMLReporter -->
<testsuite ignored="0" hostname="Sushma" failures="0" tests="3" name="Default test" time="9.904" errors="0" timestamp="2023-07-05T18:17:02 IST">
  <testcase classname="Test_Class.Post_Tc1" name="extractor" time="7.651"/>
  <testcase classname="Test_Class.Patch_Tc1" name="extractor" time="1.074"/>
  <testcase classname="Test_Class.Put_Tc1" name="extractor" time="1.064"/>
</testsuite> <!-- Default test -->
