<?xml version="1.0" encoding="UTF-8"?>
<testng-results ignored="0" total="3" passed="3" failed="0" skipped="0">
  <reporter-output>
  </reporter-output>
  <suite started-at="2023-07-06T15:03:38 IST" name="Suite" finished-at="2023-07-06T15:03:45 IST" duration-ms="7297">
    <groups>
    </groups>
    <test started-at="2023-07-06T15:03:38 IST" name="Test" finished-at="2023-07-06T15:03:45 IST" duration-ms="7297">
      <class name="Test_Class.Post_Tc1">
        <test-method signature="extractor()[pri:0, instance:Test_Class.Post_Tc1@35dab4eb]" started-at="2023-07-06T15:03:38 IST" name="extractor" finished-at="2023-07-06T15:03:42 IST" duration-ms="4700" status="PASS">
          <reporter-output>
          </reporter-output>
        </test-method> <!-- extractor -->
      </class> <!-- Test_Class.Post_Tc1 -->
      <class name="Test_Class.Patch_Tc1">
        <test-method signature="extractor()[pri:0, instance:Test_Class.Patch_Tc1@48075da3]" started-at="2023-07-06T15:03:44 IST" name="extractor" finished-at="2023-07-06T15:03:45 IST" duration-ms="1284" status="PASS">
          <reporter-output>
          </reporter-output>
        </test-method> <!-- extractor -->
      </class> <!-- Test_Class.Patch_Tc1 -->
      <class name="Test_Class.Put_Tc1">
        <test-method signature="extractor()[pri:0, instance:Test_Class.Put_Tc1@8458f04]" started-at="2023-07-06T15:03:42 IST" name="extractor" finished-at="2023-07-06T15:03:44 IST" duration-ms="1095" status="PASS">
          <reporter-output>
          </reporter-output>
        </test-method> <!-- extractor -->
      </class> <!-- Test_Class.Put_Tc1 -->
    </test> <!-- Test -->
  </suite> <!-- Suite -->
</testng-results>
